<?xml version="1.0" encoding="UTF-8"?>
<testng-results skipped="0" failed="0" ignored="0" total="1" passed="1">
  <reporter-output>
  </reporter-output>
  <suite name="Default suite" duration-ms="133255" started-at="2019-05-20T10:51:38Z" finished-at="2019-05-20T10:53:52Z">
    <groups>
    </groups>
    <test name="Default test" duration-ms="133255" started-at="2019-05-20T10:51:38Z" finished-at="2019-05-20T10:53:52Z">
      <class name="com.webpage.testCases.DeleteCustomerTest">
        <test-method status="PASS" signature="setup()[pri:0, instance:com.webpage.testCases.DeleteCustomerTest@1e88b3c]" name="setup" is-config="true" duration-ms="41695" started-at="2019-05-20T10:51:38Z" finished-at="2019-05-20T10:52:20Z">
          <reporter-output>
          </reporter-output>
        </test-method> <!-- setup -->
        <test-method status="PASS" signature="delete()[pri:0, instance:com.webpage.testCases.DeleteCustomerTest@1e88b3c]" name="delete" duration-ms="91397" started-at="2019-05-20T10:52:20Z" finished-at="2019-05-20T10:53:52Z">
          <reporter-output>
          </reporter-output>
        </test-method> <!-- delete -->
        <test-method status="PASS" signature="teardown()[pri:0, instance:com.webpage.testCases.DeleteCustomerTest@1e88b3c]" name="teardown" is-config="true" duration-ms="0" started-at="2019-05-20T10:53:52Z" finished-at="2019-05-20T10:53:52Z">
          <reporter-output>
          </reporter-output>
        </test-method> <!-- teardown -->
      </class> <!-- com.webpage.testCases.DeleteCustomerTest -->
    </test> <!-- Default test -->
  </suite> <!-- Default suite -->
</testng-results>
